# JRE version: OpenJDK Runtime Environment (17.0.6) (build 17.0.6+0-b2043.56-10027231)
# Java VM: OpenJDK 64-Bit Server VM (17.0.6+0-b2043.56-10027231, mixed mode, tiered, compressed oops, compressed class ptrs, g1 gc, windows-amd64)
GC Precious Log:
 CPUs: 8 total, 8 available
 Memory: 8092M
 Large Page Support: Disabled
 NUMA Support: Disabled
 Compressed Oops: Enabled (32-bit)
 Heap Region Size: 1M
 Heap Min Capacity: 8M
 Heap Initial Capacity: 128M
 Heap Max Capacity: 2G
 Pre-touch: Disabled
 Parallel Workers: 8
 Concurrent Workers: 2
 Concurrent Refinement Workers: 8
 Periodic GC: Disabled
Heap:
 garbage-first heap   total 309248K, used 132862K [0x0000000080000000, 0x0000000100000000)
  region size 1024K, 3 young (3072K), 3 survivors (3072K)
 Metaspace       used 137765K, committed 138752K, reserved 1171456K
  class space    used 18567K, committed 19072K, reserved 1048576K
GC Heap History (20 events):
Event: 586.641 GC heap after
{Heap after GC invocations=45 (full 0):
 garbage-first heap   total 295936K, used 202521K [0x0000000080000000, 0x0000000100000000)
  region size 1024K, 6 young (6144K), 6 survivors (6144K)
 Metaspace       used 136695K, committed 137664K, reserved 1171456K
  class space    used 18581K, committed 19072K, reserved 1048576K
}
Event: 588.178 GC heap before
{Heap before GC invocations=45 (full 0):
 garbage-first heap   total 295936K, used 245529K [0x0000000080000000, 0x0000000100000000)
  region size 1024K, 47 young (48128K), 6 survivors (6144K)
 Metaspace       used 136770K, committed 137728K, reserved 1171456K
  class space    used 18581K, committed 19072K, reserved 1048576K
}
Event: 588.202 GC heap after
{Heap after GC invocations=46 (full 0):
 garbage-first heap   total 295936K, used 206798K [0x0000000080000000, 0x0000000100000000)
  region size 1024K, 2 young (2048K), 2 survivors (2048K)
 Metaspace       used 136770K, committed 137728K, reserved 1171456K
  class space    used 18581K, committed 19072K, reserved 1048576K
}
Event: 1411.938 GC heap before
{Heap before GC invocations=46 (full 0):
 garbage-first heap   total 295936K, used 257998K [0x0000000080000000, 0x0000000100000000)
  region size 1024K, 42 young (43008K), 2 survivors (2048K)
 Metaspace       used 137044K, committed 138048K, reserved 1171456K
  class space    used 18586K, committed 19072K, reserved 1048576K
}
Event: 1412.076 GC heap after
{Heap after GC invocations=47 (full 0):
 garbage-first heap   total 295936K, used 204589K [0x0000000080000000, 0x0000000100000000)
  region size 1024K, 2 young (2048K), 2 survivors (2048K)
 Metaspace       used 137044K, committed 138048K, reserved 1171456K
  class space    used 18586K, committed 19072K, reserved 1048576K
}
Event: 1416.376 GC heap before
{Heap before GC invocations=47 (full 0):
 garbage-first heap   total 295936K, used 248621K [0x0000000080000000, 0x0000000100000000)
  region size 1024K, 46 young (47104K), 2 survivors (2048K)
 Metaspace       used 137161K, committed 138176K, reserved 1171456K
  class space    used 18586K, committed 19072K, reserved 1048576K
}
Event: 1416.407 GC heap after
{Heap after GC invocations=48 (full 0):
 garbage-first heap   total 295936K, used 209236K [0x0000000080000000, 0x0000000100000000)
  region size 1024K, 6 young (6144K), 6 survivors (6144K)
 Metaspace       used 137161K, committed 138176K, reserved 1171456K
  class space    used 18586K, committed 19072K, reserved 1048576K
}
Event: 1417.299 GC heap before
{Heap before GC invocations=48 (full 0):
 garbage-first heap   total 295936K, used 252244K [0x0000000080000000, 0x0000000100000000)
  region size 1024K, 47 young (48128K), 6 survivors (6144K)
 Metaspace       used 137190K, committed 138176K, reserved 1171456K
  class space    used 18586K, committed 19072K, reserved 1048576K
}
Event: 1417.619 GC heap after
{Heap after GC invocations=49 (full 0):
 garbage-first heap   total 295936K, used 230476K [0x0000000080000000, 0x0000000100000000)
  region size 1024K, 6 young (6144K), 6 survivors (6144K)
 Metaspace       used 137190K, committed 138176K, reserved 1171456K
  class space    used 18586K, committed 19072K, reserved 1048576K
}
Event: 1418.193 GC heap before
{Heap before GC invocations=49 (full 0):
 garbage-first heap   total 295936K, used 266316K [0x0000000080000000, 0x0000000100000000)
  region size 1024K, 25 young (25600K), 6 survivors (6144K)
 Metaspace       used 137233K, committed 138304K, reserved 1171456K
  class space    used 18586K, committed 19072K, reserved 1048576K
}
Event: 1418.254 GC heap after
{Heap after GC invocations=50 (full 0):
 garbage-first heap   total 295936K, used 233322K [0x0000000080000000, 0x0000000100000000)
  region size 1024K, 2 young (2048K), 2 survivors (2048K)
 Metaspace       used 137233K, committed 138304K, reserved 1171456K
  class space    used 18586K, committed 19072K, reserved 1048576K
}
Event: 1425.134 GC heap before
{Heap before GC invocations=51 (full 0):
 garbage-first heap   total 309248K, used 199530K [0x0000000080000000, 0x0000000100000000)
  region size 1024K, 21 young (21504K), 2 survivors (2048K)
 Metaspace       used 137170K, committed 138304K, reserved 1171456K
  class space    used 18565K, committed 19072K, reserved 1048576K
}
Event: 1425.146 GC heap after
{Heap after GC invocations=52 (full 0):
 garbage-first heap   total 309248K, used 185344K [0x0000000080000000, 0x0000000100000000)
  region size 1024K, 3 young (3072K), 3 survivors (3072K)
 Metaspace       used 137170K, committed 138304K, reserved 1171456K
  class space    used 18565K, committed 19072K, reserved 1048576K
}
Event: 1425.262 GC heap before
{Heap before GC invocations=52 (full 0):
 garbage-first heap   total 309248K, used 196608K [0x0000000080000000, 0x0000000100000000)
  region size 1024K, 15 young (15360K), 3 survivors (3072K)
 Metaspace       used 137171K, committed 138304K, reserved 1171456K
  class space    used 18565K, committed 19072K, reserved 1048576K
}
Event: 1425.279 GC heap after
{Heap after GC invocations=53 (full 0):
 garbage-first heap   total 309248K, used 156151K [0x0000000080000000, 0x0000000100000000)
  region size 1024K, 2 young (2048K), 2 survivors (2048K)
 Metaspace       used 137171K, committed 138304K, reserved 1171456K
  class space    used 18565K, committed 19072K, reserved 1048576K
}
Event: 1425.353 GC heap before
{Heap before GC invocations=53 (full 0):
 garbage-first heap   total 309248K, used 169463K [0x0000000080000000, 0x0000000100000000)
  region size 1024K, 15 young (15360K), 2 survivors (2048K)
 Metaspace       used 137178K, committed 138304K, reserved 1171456K
  class space    used 18565K, committed 19072K, reserved 1048576K
}
Event: 1425.389 GC heap after
{Heap after GC invocations=54 (full 0):
 garbage-first heap   total 309248K, used 130375K [0x0000000080000000, 0x0000000100000000)
  region size 1024K, 1 young (1024K), 1 survivors (1024K)
 Metaspace       used 137178K, committed 138304K, reserved 1171456K
  class space    used 18565K, committed 19072K, reserved 1048576K
}
Event: 1426.838 GC heap before
{Heap before GC invocations=54 (full 0):
 garbage-first heap   total 309248K, used 233799K [0x0000000080000000, 0x0000000100000000)
  region size 1024K, 99 young (101376K), 1 survivors (1024K)
 Metaspace       used 137405K, committed 138368K, reserved 1171456K
  class space    used 18565K, committed 19072K, reserved 1048576K
}
Event: 1426.879 GC heap after
{Heap after GC invocations=55 (full 0):
 garbage-first heap   total 309248K, used 140598K [0x0000000080000000, 0x0000000100000000)
  region size 1024K, 9 young (9216K), 9 survivors (9216K)
 Metaspace       used 137405K, committed 138368K, reserved 1171456K
  class space    used 18565K, committed 19072K, reserved 1048576K
}
Event: 1575.542 GC heap before
{Heap before GC invocations=55 (full 0):
 garbage-first heap   total 309248K, used 249142K [0x0000000080000000, 0x0000000100000000)
  region size 1024K, 103 young (105472K), 9 survivors (9216K)
 Metaspace       used 137765K, committed 138752K, reserved 1171456K
  class space    used 18567K, committed 19072K, reserved 1048576K
}

